TN:
SF:/mnt/d/Coding/gitRepo/vueUICombination/src/click-outside.js
FN:2,(anonymous_0)
FN:4,(anonymous_1)
FN:20,(anonymous_2)
FN:26,(anonymous_3)
FNF:4
FNH:1
FNDA:0,(anonymous_0)
FNDA:0,(anonymous_1)
FNDA:4,(anonymous_2)
FNDA:0,(anonymous_3)
DA:2,1
DA:3,0
DA:4,0
DA:5,0
DA:7,0
DA:10,0
DA:15,1
DA:17,1
DA:21,4
DA:26,1
DA:27,0
LF:11
LH:5
BRDA:5,0,0,0
BRDA:5,0,1,0
BRDA:5,1,0,0
BRDA:5,1,1,0
BRF:4
BRH:0
end_of_record
TN:
SF:/mnt/d/Coding/gitRepo/vueUICombination/src/http.js
FN:1,core
FN:4,(anonymous_1)
FN:7,(anonymous_2)
FN:14,(anonymous_3)
FN:15,(anonymous_4)
FN:18,(anonymous_5)
FN:19,(anonymous_6)
FN:20,(anonymous_7)
FNF:8
FNH:0
FNDA:0,core
FNDA:0,(anonymous_1)
FNDA:0,(anonymous_2)
FNDA:0,(anonymous_3)
FNDA:0,(anonymous_4)
FNDA:0,(anonymous_5)
FNDA:0,(anonymous_6)
FNDA:0,(anonymous_7)
DA:2,0
DA:3,0
DA:4,0
DA:5,0
DA:7,0
DA:8,0
DA:10,0
DA:16,0
LF:8
LH:0
BRDA:5,0,0,0
BRDA:5,0,1,0
BRDA:8,1,0,0
BRDA:8,1,1,0
BRF:4
BRH:0
end_of_record
TN:
SF:/mnt/d/Coding/gitRepo/vueUICombination/src/svg.js
FN:1,(anonymous_0)
FN:18,(anonymous_1)
FN:23,(anonymous_2)
FN:33,(anonymous_3)
FN:41,(anonymous_4)
FN:44,l
FN:48,(anonymous_6)
FNF:7
FNH:4
FNDA:5,(anonymous_0)
FNDA:5,(anonymous_1)
FNDA:5,(anonymous_2)
FNDA:0,(anonymous_3)
FNDA:0,(anonymous_4)
FNDA:0,l
FNDA:5,(anonymous_6)
DA:1,5
DA:4,5
DA:5,5
DA:8,5
DA:9,0
DA:10,0
DA:11,0
DA:15,0
DA:18,5
DA:19,5
DA:20,5
DA:21,0
DA:23,5
DA:24,5
DA:26,5
DA:29,0
DA:34,0
DA:35,0
DA:37,0
DA:39,0
DA:42,0
DA:45,0
DA:50,5
LF:23
LH:11
BRDA:8,0,0,0
BRDA:8,0,1,5
BRDA:8,1,0,5
BRDA:8,1,1,0
BRDA:15,2,0,0
BRDA:15,2,1,0
BRDA:19,3,0,5
BRDA:19,3,1,0
BRDA:20,4,0,0
BRDA:20,4,1,5
BRDA:29,5,0,0
BRDA:29,5,1,0
BRDA:42,6,0,0
BRDA:42,6,1,0
BRDA:45,7,0,0
BRDA:45,7,1,0
BRDA:52,8,0,5
BRDA:52,8,1,5
BRDA:59,9,0,5
BRDA:59,9,1,0
BRF:20
BRH:7
end_of_record
TN:
SF:/mnt/d/Coding/gitRepo/vueUICombination/src/validate.js
FN:2,(anonymous_0)
FN:3,(anonymous_1)
FN:6,(anonymous_2)
FN:8,(anonymous_3)
FN:19,(anonymous_4)
FN:20,(anonymous_5)
FN:35,(anonymous_6)
FN:40,(anonymous_7)
FN:48,(anonymous_8)
FN:53,(anonymous_9)
FN:59,ensureObject
FNF:11
FNH:11
FNDA:15,(anonymous_0)
FNDA:1,(anonymous_1)
FNDA:15,(anonymous_2)
FNDA:15,(anonymous_3)
FNDA:42,(anonymous_4)
FNDA:18,(anonymous_5)
FNDA:9,(anonymous_6)
FNDA:6,(anonymous_7)
FNDA:3,(anonymous_8)
FNDA:3,(anonymous_9)
FNDA:13,ensureObject
DA:4,1
DA:7,15
DA:8,15
DA:9,15
DA:10,15
DA:11,9
DA:12,9
DA:13,2
DA:14,2
DA:15,2
DA:19,42
DA:20,13
DA:21,18
DA:22,16
DA:23,16
DA:24,11
DA:25,11
DA:28,2
DA:32,13
DA:36,9
DA:37,2
DA:41,6
DA:42,4
DA:44,6
DA:45,4
DA:49,3
DA:50,1
DA:54,3
DA:55,2
DA:60,13
DA:61,11
LF:31
LH:31
BRDA:10,0,0,9
BRDA:10,0,1,6
BRDA:12,1,0,2
BRDA:12,1,1,7
BRDA:19,2,0,42
BRDA:19,2,1,29
BRDA:21,3,0,16
BRDA:21,3,1,2
BRDA:22,4,0,16
BRDA:22,4,1,16
BRDA:23,5,0,11
BRDA:23,5,1,5
BRDA:36,6,0,2
BRDA:36,6,1,7
BRDA:36,7,0,9
BRDA:36,7,1,8
BRDA:41,8,0,4
BRDA:41,8,1,2
BRDA:44,9,0,4
BRDA:44,9,1,2
BRDA:49,10,0,1
BRDA:49,10,1,2
BRDA:54,11,0,2
BRDA:54,11,1,1
BRDA:60,12,0,11
BRDA:60,12,1,2
BRF:26
BRH:26
end_of_record
TN:
SF:/mnt/d/Coding/gitRepo/vueUICombination/src/button/src/button/button.vue
FN:31,(anonymous_0)
FNF:1
FNH:1
FNDA:9,(anonymous_0)
DA:32,9
LF:1
LH:1
BRDA:32,0,0,9
BRDA:32,0,1,0
BRF:2
BRH:1
end_of_record
TN:
SF:/mnt/d/Coding/gitRepo/vueUICombination/src/grid/src/grid/col.vue
FN:8,(anonymous_0)
FN:11,(anonymous_1)
FN:44,(anonymous_2)
FN:50,(anonymous_3)
FN:66,(anonymous_4)
FN:77,(anonymous_5)
FNF:6
FNH:6
FNDA:4,(anonymous_0)
FNDA:8,(anonymous_1)
FNDA:6,(anonymous_2)
FNDA:30,(anonymous_3)
FNDA:6,(anonymous_4)
FNDA:6,(anonymous_5)
DA:8,2
DA:9,4
DA:10,4
DA:11,4
DA:12,8
DA:13,0
DA:16,4
DA:45,6
DA:52,30
DA:53,20
DA:55,10
DA:56,10
DA:57,5
DA:59,10
DA:60,5
DA:62,10
DA:67,6
DA:68,6
DA:69,6
DA:78,6
LF:20
LH:19
BRDA:12,0,0,0
BRDA:12,0,1,8
BRDA:50,1,0,6
BRDA:52,2,0,20
BRDA:52,2,1,10
BRDA:56,3,0,5
BRDA:56,3,1,5
BRDA:59,4,0,5
BRDA:59,4,1,5
BRF:9
BRH:8
end_of_record
TN:
SF:/mnt/d/Coding/gitRepo/vueUICombination/src/grid/src/grid/row.vue
FN:15,(anonymous_0)
FN:21,(anonymous_1)
FN:27,(anonymous_2)
FN:32,(anonymous_3)
FN:33,(anonymous_4)
FNF:5
FNH:4
FNDA:1,(anonymous_0)
FNDA:1,(anonymous_1)
FNDA:1,(anonymous_2)
FNDA:1,(anonymous_3)
FNDA:0,(anonymous_4)
DA:16,1
DA:22,1
DA:28,1
DA:29,1
DA:33,1
DA:34,0
LF:6
LH:5
BRDA:29,0,0,1
BRDA:29,0,1,1
BRF:2
BRH:2
end_of_record
TN:
SF:/mnt/d/Coding/gitRepo/vueUICombination/src/nav/src/nav/nav-item.vue
FN:23,(anonymous_0)
FN:28,(anonymous_1)
FN:32,(anonymous_2)
FN:38,(anonymous_3)
FNF:4
FNH:4
FNDA:13,(anonymous_0)
FNDA:13,(anonymous_1)
FNDA:1,(anonymous_2)
FNDA:13,(anonymous_3)
DA:24,13
DA:29,13
DA:33,1
DA:34,1
DA:35,1
LF:5
LH:5
BRDA:34,0,0,1
BRDA:34,0,1,1
BRF:2
BRH:2
end_of_record
TN:
SF:/mnt/d/Coding/gitRepo/vueUICombination/src/nav/src/nav/nav.vue
FN:11,(anonymous_0)
FN:26,(anonymous_1)
FN:32,(anonymous_2)
FN:36,(anonymous_3)
FN:41,(anonymous_4)
FN:44,(anonymous_5)
FN:45,(anonymous_6)
FN:53,(anonymous_7)
FN:54,(anonymous_8)
FN:55,(anonymous_9)
FNF:10
FNH:9
FNDA:2,(anonymous_0)
FNDA:2,(anonymous_1)
FNDA:2,(anonymous_2)
FNDA:0,(anonymous_3)
FNDA:13,(anonymous_4)
FNDA:2,(anonymous_5)
FNDA:13,(anonymous_6)
FNDA:2,(anonymous_7)
FNDA:13,(anonymous_8)
FNDA:1,(anonymous_9)
DA:12,2
DA:27,2
DA:33,2
DA:34,2
DA:37,0
DA:42,13
DA:45,2
DA:46,13
DA:47,2
DA:49,11
DA:54,2
DA:55,13
DA:56,1
LF:13
LH:12
BRDA:46,0,0,2
BRDA:46,0,1,11
BRF:2
BRH:2
end_of_record
TN:
SF:/mnt/d/Coding/gitRepo/vueUICombination/src/nav/src/nav/sub-nav.vue
FN:44,(anonymous_0)
FN:50,(anonymous_1)
FN:55,(anonymous_2)
FN:63,(anonymous_3)
FN:67,(anonymous_4)
FN:70,(anonymous_5)
FN:75,(anonymous_6)
FN:79,(anonymous_7)
FN:82,(anonymous_8)
FN:85,(anonymous_9)
FN:88,(anonymous_10)
FNF:11
FNH:3
FNDA:4,(anonymous_0)
FNDA:10,(anonymous_1)
FNDA:0,(anonymous_2)
FNDA:0,(anonymous_3)
FNDA:0,(anonymous_4)
FNDA:0,(anonymous_5)
FNDA:0,(anonymous_6)
FNDA:0,(anonymous_7)
FNDA:0,(anonymous_8)
FNDA:0,(anonymous_9)
FNDA:1,(anonymous_10)
DA:45,4
DA:51,10
DA:56,0
DA:57,0
DA:59,0
DA:61,0
DA:63,0
DA:64,0
DA:68,0
DA:71,0
DA:72,0
DA:73,0
DA:74,0
DA:75,0
DA:76,0
DA:80,0
DA:83,0
DA:86,0
DA:89,1
DA:90,1
DA:91,0
LF:21
LH:4
BRDA:51,0,0,1
BRDA:51,0,1,9
BRDA:90,1,0,0
BRDA:90,1,1,1
BRF:4
BRH:3
end_of_record
TN:
SF:/mnt/d/Coding/gitRepo/vueUICombination/src/slides/src/slides/slides-item.vue
FN:17,(anonymous_0)
FN:24,(anonymous_1)
FNF:2
FNH:2
FNDA:18,(anonymous_0)
FNDA:36,(anonymous_1)
DA:18,18
DA:25,36
LF:2
LH:2
BRF:0
BRH:0
end_of_record
TN:
SF:/mnt/d/Coding/gitRepo/vueUICombination/src/slides/src/slides/slides.vue
FN:52,(anonymous_0)
FN:60,(anonymous_1)
FN:67,(anonymous_2)
FN:70,(anonymous_3)
FN:74,(anonymous_4)
FN:78,(anonymous_5)
FN:79,(anonymous_6)
FN:81,(anonymous_7)
FN:83,(anonymous_8)
FN:88,(anonymous_9)
FN:91,(anonymous_10)
FN:94,(anonymous_11)
FN:97,(anonymous_12)
FN:100,(anonymous_13)
FN:107,(anonymous_14)
FN:108,(anonymous_15)
FN:122,(anonymous_16)
FN:126,(anonymous_17)
FN:130,(anonymous_18)
FN:134,(anonymous_19)
FN:136,(anonymous_20)
FN:154,(anonymous_21)
FN:159,(anonymous_22)
FN:163,(anonymous_23)
FN:171,(anonymous_24)
FNF:25
FNH:17
FNDA:6,(anonymous_0)
FNDA:6,(anonymous_1)
FNDA:6,(anonymous_2)
FNDA:0,(anonymous_3)
FNDA:6,(anonymous_4)
FNDA:6,(anonymous_5)
FNDA:18,(anonymous_6)
FNDA:6,(anonymous_7)
FNDA:30,(anonymous_8)
FNDA:1,(anonymous_9)
FNDA:1,(anonymous_10)
FNDA:0,(anonymous_11)
FNDA:0,(anonymous_12)
FNDA:0,(anonymous_13)
FNDA:0,(anonymous_14)
FNDA:0,(anonymous_15)
FNDA:0,(anonymous_16)
FNDA:70,(anonymous_17)
FNDA:0,(anonymous_18)
FNDA:12,(anonymous_19)
FNDA:36,(anonymous_20)
FNDA:36,(anonymous_21)
FNDA:1,(anonymous_22)
FNDA:58,(anonymous_23)
FNDA:61,(anonymous_24)
DA:53,6
DA:61,6
DA:62,6
DA:63,1
DA:65,6
DA:68,6
DA:71,0
DA:75,6
DA:76,6
DA:79,24
DA:82,6
DA:83,30
DA:89,1
DA:92,1
DA:95,0
DA:98,0
DA:101,0
DA:102,0
DA:103,0
DA:105,0
DA:109,0
DA:110,0
DA:111,0
DA:112,0
DA:113,0
DA:114,0
DA:115,0
DA:116,0
DA:117,0
DA:119,0
DA:122,0
DA:123,0
DA:127,70
DA:128,70
DA:131,0
DA:132,0
DA:135,12
DA:136,12
DA:138,36
DA:139,36
DA:140,3
DA:144,0
DA:146,3
DA:150,0
DA:153,36
DA:154,36
DA:155,36
DA:160,1
DA:161,0
DA:163,1
DA:164,58
DA:165,58
DA:166,58
DA:167,58
DA:169,1
DA:172,61
DA:173,61
DA:174,1
DA:176,61
DA:177,0
DA:179,61
LF:61
LH:36
BRDA:62,0,0,1
BRDA:62,0,1,5
BRDA:76,1,0,1
BRDA:76,1,1,5
BRDA:102,2,0,0
BRDA:102,2,1,0
BRDA:115,3,0,0
BRDA:115,3,1,0
BRDA:116,4,0,0
BRDA:116,4,1,0
BRDA:128,5,0,70
BRDA:128,5,1,2
BRDA:138,6,0,0
BRDA:138,6,1,36
BRDA:139,7,0,3
BRDA:139,7,1,33
BRDA:140,8,0,0
BRDA:140,8,1,3
BRDA:141,9,0,3
BRDA:141,9,1,0
BRDA:146,10,0,0
BRDA:146,10,1,3
BRDA:147,11,0,3
BRDA:147,11,1,0
BRDA:160,12,0,0
BRDA:160,12,1,1
BRDA:173,13,0,1
BRDA:173,13,1,60
BRDA:176,14,0,0
BRDA:176,14,1,61
BRF:30
BRH:17
end_of_record
TN:
SF:/mnt/d/Coding/gitRepo/vueUICombination/src/src/popover.vue
FN:19,(anonymous_0)
FN:24,(anonymous_1)
FN:32,(anonymous_2)
FN:41,(anonymous_3)
FN:48,(anonymous_4)
FN:63,(anonymous_5)
FN:70,(anonymous_6)
FN:79,(anonymous_7)
FN:110,(anonymous_8)
FN:127,(anonymous_9)
FN:131,(anonymous_10)
FN:133,(anonymous_11)
FN:138,(anonymous_12)
FNF:13
FNH:8
FNDA:2,(anonymous_0)
FNDA:2,(anonymous_1)
FNDA:0,(anonymous_2)
FNDA:0,(anonymous_3)
FNDA:0,(anonymous_4)
FNDA:2,(anonymous_5)
FNDA:2,(anonymous_6)
FNDA:2,(anonymous_7)
FNDA:0,(anonymous_8)
FNDA:0,(anonymous_9)
FNDA:2,(anonymous_10)
FNDA:2,(anonymous_11)
FNDA:1,(anonymous_12)
DA:20,2
DA:25,2
DA:26,1
DA:28,1
DA:29,1
DA:33,0
DA:34,0
DA:36,0
DA:37,0
DA:42,0
DA:43,0
DA:45,0
DA:49,0
DA:50,0
DA:52,0
DA:64,2
DA:71,2
DA:80,2
DA:81,2
DA:87,2
DA:88,2
DA:89,2
DA:107,2
DA:108,2
DA:111,0
DA:116,0
DA:118,0
DA:123,0
DA:125,0
DA:128,0
DA:129,0
DA:132,2
DA:133,2
DA:134,2
DA:135,2
DA:139,1
DA:140,1
DA:141,0
DA:143,1
LF:39
LH:21
BRDA:25,0,0,1
BRDA:25,0,1,1
BRDA:33,1,0,0
BRDA:33,1,1,0
BRDA:42,2,0,0
BRDA:42,2,1,0
BRDA:49,3,0,0
BRDA:49,3,1,0
BRDA:81,4,0,2
BRDA:81,4,1,2
BRDA:111,5,0,0
BRDA:111,5,1,0
BRDA:112,6,0,0
BRDA:112,6,1,0
BRDA:112,6,2,0
BRDA:118,7,0,0
BRDA:118,7,1,0
BRDA:119,8,0,0
BRDA:119,8,1,0
BRDA:119,8,2,0
BRDA:139,9,0,1
BRDA:139,9,1,0
BRDA:140,10,0,0
BRDA:140,10,1,1
BRF:24
BRH:6
end_of_record
TN:
SF:/mnt/d/Coding/gitRepo/vueUICombination/src/src/toast.vue
FN:20,(anonymous_0)
FN:26,(anonymous_1)
FN:38,(anonymous_2)
FN:43,(anonymous_3)
FN:48,(anonymous_4)
FN:53,(anonymous_5)
FN:55,(anonymous_6)
FN:60,(anonymous_7)
FN:61,(anonymous_8)
FN:67,(anonymous_9)
FN:72,(anonymous_10)
FN:73,(anonymous_11)
FNF:12
FNH:11
FNDA:4,(anonymous_0)
FNDA:3,(anonymous_1)
FNDA:4,(anonymous_2)
FNDA:4,(anonymous_3)
FNDA:4,(anonymous_4)
FNDA:4,(anonymous_5)
FNDA:1,(anonymous_6)
FNDA:4,(anonymous_7)
FNDA:4,(anonymous_8)
FNDA:2,(anonymous_9)
FNDA:0,(anonymous_10)
FNDA:1,(anonymous_11)
DA:21,4
DA:26,3
DA:39,4
DA:44,4
DA:45,4
DA:49,4
DA:54,4
DA:55,4
DA:56,1
DA:61,4
DA:62,4
DA:68,2
DA:69,2
DA:70,2
DA:74,1
DA:75,1
DA:76,1
LF:17
LH:17
BRDA:21,0,0,4
BRDA:21,0,1,4
BRDA:54,1,0,4
BRDA:54,1,1,0
BRDA:75,2,0,1
BRDA:75,2,1,0
BRDA:75,3,0,1
BRDA:75,3,1,1
BRF:8
BRH:6
end_of_record
TN:
SF:/mnt/d/Coding/gitRepo/vueUICombination/src/src/uploader.vue
FN:65,(anonymous_0)
FN:80,(anonymous_1)
FN:86,(anonymous_2)
FN:95,(anonymous_3)
FN:97,(anonymous_4)
FN:103,(anonymous_5)
FN:121,(anonymous_6)
FN:126,(anonymous_7)
FN:132,(anonymous_8)
FN:133,(anonymous_9)
FN:143,(anonymous_10)
FN:152,(anonymous_11)
FN:159,(anonymous_12)
FN:160,(anonymous_13)
FN:173,(anonymous_14)
FN:174,(anonymous_15)
FN:182,(anonymous_16)
FN:189,(anonymous_17)
FNF:18
FNH:12
FNDA:0,(anonymous_0)
FNDA:1,(anonymous_1)
FNDA:0,(anonymous_2)
FNDA:1,(anonymous_3)
FNDA:1,(anonymous_4)
FNDA:1,(anonymous_5)
FNDA:1,(anonymous_6)
FNDA:0,(anonymous_7)
FNDA:1,(anonymous_8)
FNDA:1,(anonymous_9)
FNDA:1,(anonymous_10)
FNDA:1,(anonymous_11)
FNDA:0,(anonymous_12)
FNDA:0,(anonymous_13)
FNDA:1,(anonymous_14)
FNDA:0,(anonymous_15)
FNDA:1,(anonymous_16)
FNDA:1,(anonymous_17)
DA:65,0
DA:81,1
DA:87,0
DA:88,0
DA:89,0
DA:90,0
DA:91,0
DA:92,0
DA:96,1
DA:97,1
DA:98,1
DA:99,1
DA:101,1
DA:104,1
DA:105,1
DA:106,1
DA:107,1
DA:108,1
DA:109,1
DA:111,1
DA:112,0
DA:114,1
DA:115,1
DA:116,1
DA:117,1
DA:118,1
DA:119,1
DA:122,1
DA:123,1
DA:124,1
DA:127,0
DA:133,2
DA:134,1
DA:135,1
DA:136,1
DA:137,1
DA:138,1
DA:139,1
DA:140,1
DA:141,1
DA:144,1
DA:145,1
DA:146,1
DA:147,1
DA:148,0
DA:149,0
DA:152,1
DA:153,1
DA:154,1
DA:156,1
DA:157,1
DA:160,0
DA:161,0
DA:162,0
DA:163,0
DA:164,0
DA:165,0
DA:166,0
DA:167,0
DA:168,0
DA:169,0
DA:171,0
DA:174,1
DA:175,0
DA:176,0
DA:177,0
DA:178,0
DA:180,1
DA:183,1
DA:190,1
DA:191,1
DA:192,1
DA:193,1
DA:194,1
DA:195,1
DA:196,1
LF:76
LH:50
BRDA:88,0,0,0
BRDA:88,0,1,0
BRDA:111,1,0,0
BRDA:111,1,1,1
BRDA:147,2,0,0
BRDA:147,2,1,1
BRDA:168,3,0,0
BRDA:168,3,1,0
BRF:8
BRH:2
end_of_record
TN:
SF:/mnt/d/Coding/gitRepo/vueUICombination/src/tabs/src/tabs/tabs-body.vue
FN:10,(anonymous_0)
FNF:1
FNH:1
FNDA:1,(anonymous_0)
LF:0
LH:0
BRF:0
BRH:0
end_of_record
TN:
SF:/mnt/d/Coding/gitRepo/vueUICombination/src/tabs/src/tabs/tabs-head.vue
FN:14,(anonymous_0)
FN:15,(anonymous_1)
FN:20,(anonymous_2)
FNF:3
FNH:3
FNDA:1,(anonymous_0)
FNDA:1,(anonymous_1)
FNDA:1,(anonymous_2)
DA:15,1
DA:16,1
DA:21,1
DA:22,1
DA:23,1
DA:24,1
LF:6
LH:6
BRF:0
BRH:0
end_of_record
TN:
SF:/mnt/d/Coding/gitRepo/vueUICombination/src/tabs/src/tabs/tabs-item.vue
FN:10,(anonymous_0)
FN:26,(anonymous_1)
FN:33,(anonymous_2)
FN:35,(anonymous_3)
FN:40,(anonymous_4)
FNF:5
FNH:5
FNDA:5,(anonymous_0)
FNDA:6,(anonymous_1)
FNDA:5,(anonymous_2)
FNDA:3,(anonymous_3)
FNDA:1,(anonymous_4)
DA:11,5
DA:27,6
DA:34,5
DA:36,3
DA:41,1
DA:42,1
DA:44,0
DA:45,0
LF:8
LH:6
BRDA:34,0,0,5
BRDA:34,0,1,3
BRDA:41,1,0,1
BRDA:41,1,1,0
BRDA:44,2,0,0
BRDA:44,2,1,0
BRF:6
BRH:3
end_of_record
TN:
SF:/mnt/d/Coding/gitRepo/vueUICombination/src/tabs/src/tabs/tabs-pane.vue
FN:10,(anonymous_0)
FN:20,(anonymous_1)
FN:26,(anonymous_2)
FN:27,(anonymous_3)
FNF:4
FNH:4
FNDA:3,(anonymous_0)
FNDA:1,(anonymous_1)
FNDA:3,(anonymous_2)
FNDA:3,(anonymous_3)
DA:11,3
DA:21,1
DA:27,3
DA:28,3
LF:4
LH:4
BRF:0
BRH:0
end_of_record
TN:
SF:/mnt/d/Coding/gitRepo/vueUICombination/src/tabs/src/tabs/tabs.vue
FN:18,(anonymous_0)
FN:23,(anonymous_1)
FN:28,(anonymous_2)
FN:34,(anonymous_3)
FN:43,(anonymous_4)
FN:44,(anonymous_5)
FN:46,(anonymous_6)
FN:58,(anonymous_7)
FNF:8
FNH:8
FNDA:1,(anonymous_0)
FNDA:1,(anonymous_1)
FNDA:1,(anonymous_2)
FNDA:1,(anonymous_3)
FNDA:1,(anonymous_4)
FNDA:2,(anonymous_5)
FNDA:3,(anonymous_6)
FNDA:1,(anonymous_7)
DA:19,1
DA:24,1
DA:29,1
DA:35,1
DA:36,0
DA:44,1
DA:45,2
DA:46,1
DA:47,3
DA:51,1
DA:59,1
DA:60,1
LF:12
LH:11
BRDA:35,0,0,0
BRDA:35,0,1,1
BRDA:36,1,0,0
BRDA:36,1,1,0
BRDA:36,1,2,0
BRDA:45,2,0,1
BRDA:45,2,1,1
BRDA:47,3,0,1
BRDA:47,3,1,2
BRDA:48,4,0,3
BRDA:48,4,1,3
BRF:11
BRH:7
end_of_record
TN:
SF:/mnt/d/Coding/gitRepo/vueUICombination/tests/unit/button.spec.js
FN:9,(anonymous_0)
FN:10,(anonymous_1)
FN:13,(anonymous_2)
FN:22,(anonymous_3)
FN:34,(anonymous_4)
FN:46,(anonymous_5)
FN:58,(anonymous_6)
FNF:7
FNH:7
FNDA:1,(anonymous_0)
FNDA:1,(anonymous_1)
FNDA:1,(anonymous_2)
FNDA:1,(anonymous_3)
FNDA:1,(anonymous_4)
FNDA:1,(anonymous_5)
FNDA:1,(anonymous_6)
DA:4,1
DA:9,1
DA:10,1
DA:11,1
DA:13,1
DA:14,1
DA:19,1
DA:20,1
DA:22,1
DA:23,1
DA:29,1
DA:30,1
DA:31,1
DA:32,1
DA:34,1
DA:35,1
DA:42,1
DA:43,1
DA:44,1
DA:46,1
DA:47,1
DA:54,1
DA:55,1
DA:56,1
DA:58,1
DA:59,1
DA:64,1
DA:65,1
DA:66,1
DA:67,1
DA:68,1
LF:31
LH:31
BRF:0
BRH:0
end_of_record
TN:
SF:/mnt/d/Coding/gitRepo/vueUICombination/tests/unit/col.spec.js
FN:9,(anonymous_0)
FN:10,(anonymous_1)
FN:14,(anonymous_2)
FN:23,(anonymous_3)
FN:32,(anonymous_4)
FN:42,(anonymous_5)
FN:52,(anonymous_6)
FN:62,(anonymous_7)
FNF:8
FNH:8
FNDA:1,(anonymous_0)
FNDA:1,(anonymous_1)
FNDA:1,(anonymous_2)
FNDA:1,(anonymous_3)
FNDA:1,(anonymous_4)
FNDA:1,(anonymous_5)
FNDA:1,(anonymous_6)
FNDA:1,(anonymous_7)
DA:4,1
DA:9,1
DA:10,1
DA:11,1
DA:14,1
DA:15,1
DA:20,1
DA:21,1
DA:23,1
DA:24,1
DA:29,1
DA:30,1
DA:32,1
DA:33,1
DA:38,1
DA:39,1
DA:40,1
DA:42,1
DA:43,1
DA:48,1
DA:49,1
DA:50,1
DA:52,1
DA:53,1
DA:58,1
DA:59,1
DA:60,1
DA:62,1
DA:63,1
DA:68,1
DA:69,1
DA:70,1
LF:32
LH:32
BRF:0
BRH:0
end_of_record
TN:
SF:/mnt/d/Coding/gitRepo/vueUICombination/tests/unit/input.spec.js
FN:10,(anonymous_0)
FN:12,(anonymous_1)
FN:15,(anonymous_2)
FN:18,(anonymous_3)
FN:21,(anonymous_4)
FN:30,(anonymous_5)
FN:39,(anonymous_6)
FN:48,(anonymous_7)
FN:60,(anonymous_8)
FN:63,(anonymous_9)
FN:66,(anonymous_10)
FN:67,(anonymous_11)
FNF:12
FNH:12
FNDA:1,(anonymous_0)
FNDA:1,(anonymous_1)
FNDA:1,(anonymous_2)
FNDA:4,(anonymous_3)
FNDA:1,(anonymous_4)
FNDA:1,(anonymous_5)
FNDA:1,(anonymous_6)
FNDA:1,(anonymous_7)
FNDA:1,(anonymous_8)
FNDA:1,(anonymous_9)
FNDA:1,(anonymous_10)
FNDA:4,(anonymous_11)
DA:4,1
DA:10,1
DA:12,1
DA:13,1
DA:15,1
DA:16,1
DA:18,1
DA:19,4
DA:21,1
DA:22,1
DA:27,1
DA:28,1
DA:30,1
DA:31,1
DA:36,1
DA:37,1
DA:39,1
DA:40,1
DA:45,1
DA:46,1
DA:48,1
DA:49,1
DA:54,1
DA:55,1
DA:56,1
DA:57,1
DA:60,1
DA:61,1
DA:63,1
DA:64,1
DA:66,1
DA:67,1
DA:68,4
DA:69,4
DA:70,4
DA:71,4
DA:72,4
DA:76,4
DA:77,4
DA:79,4
LF:40
LH:40
BRF:0
BRH:0
end_of_record
TN:
SF:/mnt/d/Coding/gitRepo/vueUICombination/tests/unit/nav.spec.js
FN:12,(anonymous_0)
FN:13,(anonymous_1)
FN:16,(anonymous_2)
FN:35,(anonymous_3)
FN:40,(anonymous_4)
FN:74,(anonymous_5)
FNF:6
FNH:6
FNDA:1,(anonymous_0)
FNDA:1,(anonymous_1)
FNDA:1,(anonymous_2)
FNDA:1,(anonymous_3)
FNDA:1,(anonymous_4)
FNDA:1,(anonymous_5)
DA:5,1
DA:12,1
DA:13,1
DA:14,1
DA:16,1
DA:17,1
DA:18,1
DA:19,1
DA:35,1
DA:36,1
DA:37,1
DA:40,1
DA:41,1
DA:42,1
DA:43,1
DA:44,1
DA:74,1
DA:75,1
DA:76,1
DA:77,1
LF:20
LH:20
BRF:0
BRH:0
end_of_record
TN:
SF:/mnt/d/Coding/gitRepo/vueUICombination/tests/unit/popover.spec.js
FN:9,(anonymous_0)
FN:10,(anonymous_1)
FN:13,(anonymous_2)
FN:27,(anonymous_3)
FNF:4
FNH:4
FNDA:1,(anonymous_0)
FNDA:1,(anonymous_1)
FNDA:1,(anonymous_2)
FNDA:1,(anonymous_3)
DA:4,1
DA:9,1
DA:10,1
DA:11,1
DA:13,1
DA:14,1
DA:23,1
DA:24,1
DA:25,1
DA:27,1
DA:28,1
DA:38,1
DA:40,1
DA:41,1
DA:42,1
LF:15
LH:15
BRF:0
BRH:0
end_of_record
TN:
SF:/mnt/d/Coding/gitRepo/vueUICombination/tests/unit/row.spec.js
FN:13,(anonymous_0)
FN:14,(anonymous_1)
FN:17,(anonymous_2)
FN:32,(anonymous_3)
FN:44,(anonymous_4)
FNF:5
FNH:3
FNDA:1,(anonymous_0)
FNDA:1,(anonymous_1)
FNDA:0,(anonymous_2)
FNDA:0,(anonymous_3)
FNDA:1,(anonymous_4)
DA:4,1
DA:10,1
DA:11,1
DA:13,1
DA:14,1
DA:15,1
DA:17,1
DA:18,0
DA:19,0
DA:20,0
DA:31,0
DA:32,0
DA:33,0
DA:34,0
DA:35,0
DA:36,0
DA:37,0
DA:38,0
DA:39,0
DA:40,0
DA:41,0
DA:44,1
DA:45,1
DA:46,1
DA:47,1
DA:48,1
DA:53,1
DA:54,1
DA:55,1
DA:56,1
LF:30
LH:16
BRF:0
BRH:0
end_of_record
TN:
SF:/mnt/d/Coding/gitRepo/vueUICombination/tests/unit/slides.spec.js
FN:11,(anonymous_0)
FN:12,(anonymous_1)
FN:15,(anonymous_2)
FN:33,(anonymous_3)
FN:38,(anonymous_4)
FN:56,(anonymous_5)
FN:61,(anonymous_6)
FN:79,(anonymous_7)
FN:85,(anonymous_8)
FN:89,(anonymous_9)
FN:111,(anonymous_10)
FN:116,(anonymous_11)
FN:134,(anonymous_12)
FN:140,(anonymous_13)
FN:144,(anonymous_14)
FN:162,(anonymous_15)
FN:168,(anonymous_16)
FNF:17
FNH:17
FNDA:1,(anonymous_0)
FNDA:1,(anonymous_1)
FNDA:1,(anonymous_2)
FNDA:1,(anonymous_3)
FNDA:1,(anonymous_4)
FNDA:1,(anonymous_5)
FNDA:1,(anonymous_6)
FNDA:1,(anonymous_7)
FNDA:1,(anonymous_8)
FNDA:1,(anonymous_9)
FNDA:1,(anonymous_10)
FNDA:1,(anonymous_11)
FNDA:1,(anonymous_12)
FNDA:1,(anonymous_13)
FNDA:1,(anonymous_14)
FNDA:1,(anonymous_15)
FNDA:1,(anonymous_16)
DA:5,1
DA:11,1
DA:12,1
DA:13,1
DA:15,1
DA:16,1
DA:17,1
DA:33,1
DA:34,1
DA:35,1
DA:38,1
DA:39,1
DA:40,1
DA:56,1
DA:57,1
DA:58,1
DA:61,1
DA:62,1
DA:63,1
DA:80,1
DA:81,1
DA:85,1
DA:86,1
DA:89,1
DA:90,1
DA:91,1
DA:92,1
DA:111,1
DA:112,1
DA:113,1
DA:116,1
DA:117,1
DA:118,1
DA:135,1
DA:136,1
DA:140,1
DA:141,1
DA:144,1
DA:145,1
DA:146,1
DA:163,1
DA:164,1
DA:168,1
DA:169,1
LF:44
LH:44
BRF:0
BRH:0
end_of_record
TN:
SF:/mnt/d/Coding/gitRepo/vueUICombination/tests/unit/tabs-body.spec.js
FN:9,(anonymous_0)
FN:10,(anonymous_1)
FNF:2
FNH:2
FNDA:1,(anonymous_0)
FNDA:1,(anonymous_1)
DA:7,1
DA:9,1
DA:10,1
DA:11,1
LF:4
LH:4
BRF:0
BRH:0
end_of_record
TN:
SF:/mnt/d/Coding/gitRepo/vueUICombination/tests/unit/tabs-head.spec.js
FNF:0
FNH:0
LF:0
LH:0
BRF:0
BRH:0
end_of_record
TN:
SF:/mnt/d/Coding/gitRepo/vueUICombination/tests/unit/tabs-item.spec.js
FN:20,(anonymous_0)
FN:21,(anonymous_1)
FN:24,(anonymous_2)
FN:33,(anonymous_3)
FNF:4
FNH:4
FNDA:1,(anonymous_0)
FNDA:1,(anonymous_1)
FNDA:1,(anonymous_2)
FNDA:1,(anonymous_3)
DA:4,1
DA:12,1
DA:13,1
DA:14,1
DA:15,1
DA:16,1
DA:17,1
DA:18,1
DA:20,1
DA:21,1
DA:22,1
DA:24,1
DA:25,1
DA:26,1
DA:31,1
DA:33,1
DA:34,1
DA:35,1
DA:40,1
DA:41,1
DA:42,1
DA:43,1
DA:44,1
LF:23
LH:23
BRF:0
BRH:0
end_of_record
TN:
SF:/mnt/d/Coding/gitRepo/vueUICombination/tests/unit/tabs-pane.spec.js
FN:9,(anonymous_0)
FN:10,(anonymous_1)
FNF:2
FNH:2
FNDA:1,(anonymous_0)
FNDA:1,(anonymous_1)
DA:7,1
DA:9,1
DA:10,1
DA:11,1
LF:4
LH:4
BRF:0
BRH:0
end_of_record
TN:
SF:/mnt/d/Coding/gitRepo/vueUICombination/tests/unit/tabs.spec.js
FN:21,(anonymous_0)
FN:22,(anonymous_1)
FN:25,(anonymous_2)
FN:45,(anonymous_3)
FNF:4
FNH:4
FNDA:1,(anonymous_0)
FNDA:1,(anonymous_1)
FNDA:1,(anonymous_2)
FNDA:1,(anonymous_3)
DA:4,1
DA:13,1
DA:14,1
DA:15,1
DA:16,1
DA:17,1
DA:18,1
DA:19,1
DA:21,1
DA:22,1
DA:23,1
DA:25,1
DA:26,1
DA:44,1
DA:45,1
DA:46,1
DA:47,1
LF:17
LH:17
BRF:0
BRH:0
end_of_record
TN:
SF:/mnt/d/Coding/gitRepo/vueUICombination/tests/unit/toast.spec.js
FN:11,(anonymous_0)
FN:13,(anonymous_1)
FN:16,(anonymous_2)
FN:17,(anonymous_3)
FN:26,(anonymous_4)
FN:32,(anonymous_5)
FN:45,(anonymous_6)
FN:51,(anonymous_7)
FN:61,(anonymous_8)
FNF:9
FNH:9
FNDA:1,(anonymous_0)
FNDA:1,(anonymous_1)
FNDA:1,(anonymous_2)
FNDA:1,(anonymous_3)
FNDA:1,(anonymous_4)
FNDA:1,(anonymous_5)
FNDA:1,(anonymous_6)
FNDA:1,(anonymous_7)
FNDA:1,(anonymous_8)
DA:4,1
DA:8,1
DA:9,1
DA:11,1
DA:13,1
DA:14,1
DA:16,1
DA:17,1
DA:18,1
DA:19,1
DA:20,1
DA:21,1
DA:26,1
DA:27,1
DA:28,1
DA:30,1
DA:32,1
DA:33,1
DA:34,1
DA:35,1
DA:43,1
DA:44,1
DA:45,1
DA:46,1
DA:47,1
DA:48,1
DA:51,1
DA:52,1
DA:53,1
DA:56,1
DA:57,1
DA:58,1
DA:59,1
DA:61,1
DA:62,1
DA:63,1
DA:68,1
LF:37
LH:37
BRF:0
BRH:0
end_of_record
TN:
SF:/mnt/d/Coding/gitRepo/vueUICombination/tests/unit/uploader.spec.js
FN:11,(anonymous_0)
FN:12,(anonymous_1)
FN:15,(anonymous_2)
FN:17,(anonymous_3)
FN:18,(anonymous_4)
FN:29,(anonymous_5)
FN:39,(anonymous_6)
FN:42,(anonymous_7)
FNF:8
FNH:8
FNDA:1,(anonymous_0)
FNDA:1,(anonymous_1)
FNDA:1,(anonymous_2)
FNDA:1,(anonymous_3)
FNDA:1,(anonymous_4)
FNDA:1,(anonymous_5)
FNDA:2,(anonymous_6)
FNDA:1,(anonymous_7)
DA:4,1
DA:11,1
DA:12,1
DA:13,1
DA:15,1
DA:17,1
DA:18,1
DA:19,1
DA:24,1
DA:30,1
DA:31,1
DA:40,2
DA:43,1
DA:44,1
DA:45,1
DA:46,1
DA:50,1
DA:51,1
DA:52,1
DA:54,1
DA:56,1
DA:57,1
DA:58,1
DA:61,1
DA:62,1
DA:63,1
DA:64,1
LF:27
LH:27
BRF:0
BRH:0
end_of_record
TN:
SF:/mnt/d/Coding/gitRepo/vueUICombination/tests/unit/validate.spec.js
FN:8,(anonymous_0)
FN:9,(anonymous_1)
FN:12,(anonymous_2)
FN:21,(anonymous_3)
FN:30,(anonymous_4)
FN:39,(anonymous_5)
FN:48,(anonymous_6)
FN:57,(anonymous_7)
FN:66,(anonymous_8)
FN:76,(anonymous_9)
FN:86,(anonymous_10)
FN:95,(anonymous_11)
FN:112,(anonymous_12)
FN:118,(anonymous_13)
FN:123,(anonymous_14)
FN:138,(anonymous_15)
FN:144,(anonymous_16)
FN:150,(anonymous_17)
FN:163,(anonymous_18)
FN:166,(anonymous_19)
FN:170,(anonymous_20)
FN:176,(anonymous_21)
FN:189,(anonymous_22)
FN:192,(anonymous_23)
FNF:24
FNH:24
FNDA:1,(anonymous_0)
FNDA:1,(anonymous_1)
FNDA:1,(anonymous_2)
FNDA:1,(anonymous_3)
FNDA:1,(anonymous_4)
FNDA:1,(anonymous_5)
FNDA:1,(anonymous_6)
FNDA:1,(anonymous_7)
FNDA:1,(anonymous_8)
FNDA:1,(anonymous_9)
FNDA:1,(anonymous_10)
FNDA:1,(anonymous_11)
FNDA:1,(anonymous_12)
FNDA:1,(anonymous_13)
FNDA:1,(anonymous_14)
FNDA:1,(anonymous_15)
FNDA:1,(anonymous_16)
FNDA:1,(anonymous_17)
FNDA:1,(anonymous_18)
FNDA:1,(anonymous_19)
FNDA:1,(anonymous_20)
FNDA:2,(anonymous_21)
FNDA:1,(anonymous_22)
FNDA:1,(anonymous_23)
DA:4,1
DA:8,1
DA:9,1
DA:10,1
DA:12,1
DA:13,1
DA:16,1
DA:17,1
DA:18,1
DA:19,1
DA:21,1
DA:22,1
DA:25,1
DA:26,1
DA:27,1
DA:28,1
DA:30,1
DA:31,1
DA:34,1
DA:35,1
DA:36,1
DA:37,1
DA:39,1
DA:40,1
DA:43,1
DA:44,1
DA:45,1
DA:46,1
DA:48,1
DA:49,1
DA:52,1
DA:53,1
DA:54,1
DA:55,1
DA:57,1
DA:58,1
DA:61,1
DA:62,1
DA:63,1
DA:64,1
DA:66,1
DA:67,1
DA:70,1
DA:71,1
DA:72,1
DA:73,1
DA:74,1
DA:76,1
DA:77,1
DA:80,1
DA:81,1
DA:82,1
DA:83,1
DA:84,1
DA:86,1
DA:87,1
DA:90,1
DA:91,1
DA:92,1
DA:93,1
DA:95,1
DA:96,1
DA:99,1
DA:112,1
DA:113,1
DA:114,1
DA:116,1
DA:118,1
DA:119,1
DA:122,1
DA:123,1
DA:124,1
DA:125,1
DA:128,1
DA:138,1
DA:139,1
DA:141,1
DA:142,1
DA:144,1
DA:145,1
DA:148,1
DA:149,1
DA:150,1
DA:151,1
DA:152,1
DA:155,1
DA:163,1
DA:164,1
DA:166,1
DA:167,1
DA:170,1
DA:171,1
DA:174,1
DA:175,1
DA:176,1
DA:177,2
DA:178,2
DA:181,1
DA:189,1
DA:190,1
DA:192,1
DA:193,1
LF:102
LH:102
BRDA:124,0,0,1
BRDA:124,0,1,0
BRDA:151,1,0,1
BRDA:151,1,1,0
BRDA:177,2,0,2
BRDA:177,2,1,0
BRF:6
BRH:3
end_of_record
